<?xml version="1.0" encoding="UTF-8"?>
<testsuite xmlns:xsi="http://www.w3.org/2001/XMLSchema-instance" xsi:noNamespaceSchemaLocation="https://maven.apache.org/surefire/maven-surefire-plugin/xsd/surefire-test-report.xsd" version="3.0.2" name="app.api.repository.ArticleRepositoryTest" time="5.066" tests="2" errors="0" skipped="0" failures="0">
  <properties>
    <property name="java.specification.version" value="23"/>
    <property name="sun.jnu.encoding" value="UTF-8"/>
    <property name="java.class.path" value="/Users/maksimoskin/IdeaProjects/TG_BOT_SEM2/target/test-classes:/Users/maksimoskin/IdeaProjects/TG_BOT_SEM2/target/classes:/Users/maksimoskin/.m2/repository/org/springframework/boot/spring-boot-starter-web/3.4.3/spring-boot-starter-web-3.4.3.jar:/Users/maksimoskin/.m2/repository/org/springframework/boot/spring-boot-starter/3.4.3/spring-boot-starter-3.4.3.jar:/Users/maksimoskin/.m2/repository/org/springframework/boot/spring-boot/3.4.3/spring-boot-3.4.3.jar:/Users/maksimoskin/.m2/repository/org/springframework/boot/spring-boot-starter-logging/3.4.3/spring-boot-starter-logging-3.4.3.jar:/Users/maksimoskin/.m2/repository/ch/qos/logback/logback-classic/1.5.16/logback-classic-1.5.16.jar:/Users/maksimoskin/.m2/repository/ch/qos/logback/logback-core/1.5.16/logback-core-1.5.16.jar:/Users/maksimoskin/.m2/repository/org/apache/logging/log4j/log4j-to-slf4j/2.24.3/log4j-to-slf4j-2.24.3.jar:/Users/maksimoskin/.m2/repository/org/apache/logging/log4j/log4j-api/2.24.3/log4j-api-2.24.3.jar:/Users/maksimoskin/.m2/repository/org/slf4j/jul-to-slf4j/2.0.16/jul-to-slf4j-2.0.16.jar:/Users/maksimoskin/.m2/repository/jakarta/annotation/jakarta.annotation-api/2.1.1/jakarta.annotation-api-2.1.1.jar:/Users/maksimoskin/.m2/repository/org/yaml/snakeyaml/2.3/snakeyaml-2.3.jar:/Users/maksimoskin/.m2/repository/org/springframework/boot/spring-boot-starter-json/3.4.3/spring-boot-starter-json-3.4.3.jar:/Users/maksimoskin/.m2/repository/com/fasterxml/jackson/core/jackson-databind/2.18.2/jackson-databind-2.18.2.jar:/Users/maksimoskin/.m2/repository/com/fasterxml/jackson/datatype/jackson-datatype-jdk8/2.18.2/jackson-datatype-jdk8-2.18.2.jar:/Users/maksimoskin/.m2/repository/com/fasterxml/jackson/module/jackson-module-parameter-names/2.18.2/jackson-module-parameter-names-2.18.2.jar:/Users/maksimoskin/.m2/repository/org/springframework/boot/spring-boot-starter-tomcat/3.4.3/spring-boot-starter-tomcat-3.4.3.jar:/Users/maksimoskin/.m2/repository/org/apache/tomcat/embed/tomcat-embed-core/10.1.36/tomcat-embed-core-10.1.36.jar:/Users/maksimoskin/.m2/repository/org/apache/tomcat/embed/tomcat-embed-el/10.1.36/tomcat-embed-el-10.1.36.jar:/Users/maksimoskin/.m2/repository/org/apache/tomcat/embed/tomcat-embed-websocket/10.1.36/tomcat-embed-websocket-10.1.36.jar:/Users/maksimoskin/.m2/repository/org/springframework/spring-web/6.2.3/spring-web-6.2.3.jar:/Users/maksimoskin/.m2/repository/org/springframework/spring-beans/6.2.3/spring-beans-6.2.3.jar:/Users/maksimoskin/.m2/repository/io/micrometer/micrometer-observation/1.14.4/micrometer-observation-1.14.4.jar:/Users/maksimoskin/.m2/repository/io/micrometer/micrometer-commons/1.14.4/micrometer-commons-1.14.4.jar:/Users/maksimoskin/.m2/repository/org/springframework/spring-webmvc/6.2.3/spring-webmvc-6.2.3.jar:/Users/maksimoskin/.m2/repository/org/springframework/spring-aop/6.2.3/spring-aop-6.2.3.jar:/Users/maksimoskin/.m2/repository/org/springframework/spring-context/6.2.3/spring-context-6.2.3.jar:/Users/maksimoskin/.m2/repository/org/springframework/spring-expression/6.2.3/spring-expression-6.2.3.jar:/Users/maksimoskin/.m2/repository/org/springdoc/springdoc-openapi-starter-webmvc-ui/2.1.0/springdoc-openapi-starter-webmvc-ui-2.1.0.jar:/Users/maksimoskin/.m2/repository/org/springdoc/springdoc-openapi-starter-webmvc-api/2.1.0/springdoc-openapi-starter-webmvc-api-2.1.0.jar:/Users/maksimoskin/.m2/repository/org/springdoc/springdoc-openapi-starter-common/2.1.0/springdoc-openapi-starter-common-2.1.0.jar:/Users/maksimoskin/.m2/repository/io/swagger/core/v3/swagger-core-jakarta/2.2.9/swagger-core-jakarta-2.2.9.jar:/Users/maksimoskin/.m2/repository/org/apache/commons/commons-lang3/3.17.0/commons-lang3-3.17.0.jar:/Users/maksimoskin/.m2/repository/io/swagger/core/v3/swagger-annotations-jakarta/2.2.9/swagger-annotations-jakarta-2.2.9.jar:/Users/maksimoskin/.m2/repository/io/swagger/core/v3/swagger-models-jakarta/2.2.9/swagger-models-jakarta-2.2.9.jar:/Users/maksimoskin/.m2/repository/jakarta/validation/jakarta.validation-api/3.0.2/jakarta.validation-api-3.0.2.jar:/Users/maksimoskin/.m2/repository/com/fasterxml/jackson/dataformat/jackson-dataformat-yaml/2.18.2/jackson-dataformat-yaml-2.18.2.jar:/Users/maksimoskin/.m2/repository/org/webjars/swagger-ui/4.18.2/swagger-ui-4.18.2.jar:/Users/maksimoskin/.m2/repository/org/projectlombok/lombok/1.18.36/lombok-1.18.36.jar:/Users/maksimoskin/.m2/repository/org/springframework/boot/spring-boot-starter-test/3.4.3/spring-boot-starter-test-3.4.3.jar:/Users/maksimoskin/.m2/repository/org/springframework/boot/spring-boot-test/3.4.3/spring-boot-test-3.4.3.jar:/Users/maksimoskin/.m2/repository/org/springframework/boot/spring-boot-test-autoconfigure/3.4.3/spring-boot-test-autoconfigure-3.4.3.jar:/Users/maksimoskin/.m2/repository/com/jayway/jsonpath/json-path/2.9.0/json-path-2.9.0.jar:/Users/maksimoskin/.m2/repository/org/slf4j/slf4j-api/2.0.16/slf4j-api-2.0.16.jar:/Users/maksimoskin/.m2/repository/jakarta/xml/bind/jakarta.xml.bind-api/4.0.2/jakarta.xml.bind-api-4.0.2.jar:/Users/maksimoskin/.m2/repository/jakarta/activation/jakarta.activation-api/2.1.3/jakarta.activation-api-2.1.3.jar:/Users/maksimoskin/.m2/repository/net/minidev/json-smart/2.5.2/json-smart-2.5.2.jar:/Users/maksimoskin/.m2/repository/net/minidev/accessors-smart/2.5.2/accessors-smart-2.5.2.jar:/Users/maksimoskin/.m2/repository/org/ow2/asm/asm/9.7.1/asm-9.7.1.jar:/Users/maksimoskin/.m2/repository/org/assertj/assertj-core/3.26.3/assertj-core-3.26.3.jar:/Users/maksimoskin/.m2/repository/net/bytebuddy/byte-buddy/1.15.11/byte-buddy-1.15.11.jar:/Users/maksimoskin/.m2/repository/org/awaitility/awaitility/4.2.2/awaitility-4.2.2.jar:/Users/maksimoskin/.m2/repository/org/hamcrest/hamcrest/2.2/hamcrest-2.2.jar:/Users/maksimoskin/.m2/repository/org/junit/jupiter/junit-jupiter/5.11.4/junit-jupiter-5.11.4.jar:/Users/maksimoskin/.m2/repository/org/junit/jupiter/junit-jupiter-api/5.11.4/junit-jupiter-api-5.11.4.jar:/Users/maksimoskin/.m2/repository/org/opentest4j/opentest4j/1.3.0/opentest4j-1.3.0.jar:/Users/maksimoskin/.m2/repository/org/junit/platform/junit-platform-commons/1.11.4/junit-platform-commons-1.11.4.jar:/Users/maksimoskin/.m2/repository/org/apiguardian/apiguardian-api/1.1.2/apiguardian-api-1.1.2.jar:/Users/maksimoskin/.m2/repository/org/junit/jupiter/junit-jupiter-params/5.11.4/junit-jupiter-params-5.11.4.jar:/Users/maksimoskin/.m2/repository/org/junit/jupiter/junit-jupiter-engine/5.11.4/junit-jupiter-engine-5.11.4.jar:/Users/maksimoskin/.m2/repository/org/junit/platform/junit-platform-engine/1.11.4/junit-platform-engine-1.11.4.jar:/Users/maksimoskin/.m2/repository/org/mockito/mockito-core/5.14.2/mockito-core-5.14.2.jar:/Users/maksimoskin/.m2/repository/net/bytebuddy/byte-buddy-agent/1.15.11/byte-buddy-agent-1.15.11.jar:/Users/maksimoskin/.m2/repository/org/objenesis/objenesis/3.3/objenesis-3.3.jar:/Users/maksimoskin/.m2/repository/org/mockito/mockito-junit-jupiter/5.14.2/mockito-junit-jupiter-5.14.2.jar:/Users/maksimoskin/.m2/repository/org/skyscreamer/jsonassert/1.5.3/jsonassert-1.5.3.jar:/Users/maksimoskin/.m2/repository/com/vaadin/external/google/android-json/0.0.20131108.vaadin1/android-json-0.0.20131108.vaadin1.jar:/Users/maksimoskin/.m2/repository/org/springframework/spring-core/6.2.3/spring-core-6.2.3.jar:/Users/maksimoskin/.m2/repository/org/springframework/spring-jcl/6.2.3/spring-jcl-6.2.3.jar:/Users/maksimoskin/.m2/repository/org/springframework/spring-test/6.2.3/spring-test-6.2.3.jar:/Users/maksimoskin/.m2/repository/org/xmlunit/xmlunit-core/2.10.0/xmlunit-core-2.10.0.jar:/Users/maksimoskin/.m2/repository/org/testcontainers/junit-jupiter/1.20.5/junit-jupiter-1.20.5.jar:/Users/maksimoskin/.m2/repository/org/testcontainers/testcontainers/1.20.5/testcontainers-1.20.5.jar:/Users/maksimoskin/.m2/repository/junit/junit/4.13.2/junit-4.13.2.jar:/Users/maksimoskin/.m2/repository/org/hamcrest/hamcrest-core/2.2/hamcrest-core-2.2.jar:/Users/maksimoskin/.m2/repository/org/apache/commons/commons-compress/1.24.0/commons-compress-1.24.0.jar:/Users/maksimoskin/.m2/repository/org/rnorth/duct-tape/duct-tape/1.0.8/duct-tape-1.0.8.jar:/Users/maksimoskin/.m2/repository/org/jetbrains/annotations/17.0.0/annotations-17.0.0.jar:/Users/maksimoskin/.m2/repository/com/github/docker-java/docker-java-api/3.4.1/docker-java-api-3.4.1.jar:/Users/maksimoskin/.m2/repository/com/github/docker-java/docker-java-transport-zerodep/3.4.1/docker-java-transport-zerodep-3.4.1.jar:/Users/maksimoskin/.m2/repository/com/github/docker-java/docker-java-transport/3.4.1/docker-java-transport-3.4.1.jar:/Users/maksimoskin/.m2/repository/net/java/dev/jna/jna/5.13.0/jna-5.13.0.jar:/Users/maksimoskin/.m2/repository/org/postgresql/postgresql/42.7.5/postgresql-42.7.5.jar:/Users/maksimoskin/.m2/repository/org/checkerframework/checker-qual/3.48.3/checker-qual-3.48.3.jar:/Users/maksimoskin/.m2/repository/org/springframework/boot/spring-boot-starter-data-jpa/3.4.3/spring-boot-starter-data-jpa-3.4.3.jar:/Users/maksimoskin/.m2/repository/org/springframework/boot/spring-boot-starter-jdbc/3.4.3/spring-boot-starter-jdbc-3.4.3.jar:/Users/maksimoskin/.m2/repository/com/zaxxer/HikariCP/5.1.0/HikariCP-5.1.0.jar:/Users/maksimoskin/.m2/repository/org/springframework/spring-jdbc/6.2.3/spring-jdbc-6.2.3.jar:/Users/maksimoskin/.m2/repository/org/hibernate/orm/hibernate-core/6.6.8.Final/hibernate-core-6.6.8.Final.jar:/Users/maksimoskin/.m2/repository/jakarta/persistence/jakarta.persistence-api/3.1.0/jakarta.persistence-api-3.1.0.jar:/Users/maksimoskin/.m2/repository/jakarta/transaction/jakarta.transaction-api/2.0.1/jakarta.transaction-api-2.0.1.jar:/Users/maksimoskin/.m2/repository/org/jboss/logging/jboss-logging/3.6.1.Final/jboss-logging-3.6.1.Final.jar:/Users/maksimoskin/.m2/repository/org/hibernate/common/hibernate-commons-annotations/7.0.3.Final/hibernate-commons-annotations-7.0.3.Final.jar:/Users/maksimoskin/.m2/repository/io/smallrye/jandex/3.2.0/jandex-3.2.0.jar:/Users/maksimoskin/.m2/repository/com/fasterxml/classmate/1.7.0/classmate-1.7.0.jar:/Users/maksimoskin/.m2/repository/org/glassfish/jaxb/jaxb-runtime/4.0.5/jaxb-runtime-4.0.5.jar:/Users/maksimoskin/.m2/repository/org/glassfish/jaxb/jaxb-core/4.0.5/jaxb-core-4.0.5.jar:/Users/maksimoskin/.m2/repository/org/eclipse/angus/angus-activation/2.0.2/angus-activation-2.0.2.jar:/Users/maksimoskin/.m2/repository/org/glassfish/jaxb/txw2/4.0.5/txw2-4.0.5.jar:/Users/maksimoskin/.m2/repository/com/sun/istack/istack-commons-runtime/4.1.2/istack-commons-runtime-4.1.2.jar:/Users/maksimoskin/.m2/repository/jakarta/inject/jakarta.inject-api/2.0.1/jakarta.inject-api-2.0.1.jar:/Users/maksimoskin/.m2/repository/org/antlr/antlr4-runtime/4.13.0/antlr4-runtime-4.13.0.jar:/Users/maksimoskin/.m2/repository/org/springframework/data/spring-data-jpa/3.4.3/spring-data-jpa-3.4.3.jar:/Users/maksimoskin/.m2/repository/org/springframework/data/spring-data-commons/3.4.3/spring-data-commons-3.4.3.jar:/Users/maksimoskin/.m2/repository/org/springframework/spring-orm/6.2.3/spring-orm-6.2.3.jar:/Users/maksimoskin/.m2/repository/org/springframework/spring-tx/6.2.3/spring-tx-6.2.3.jar:/Users/maksimoskin/.m2/repository/org/springframework/spring-aspects/6.2.3/spring-aspects-6.2.3.jar:/Users/maksimoskin/.m2/repository/org/aspectj/aspectjweaver/1.9.22.1/aspectjweaver-1.9.22.1.jar:/Users/maksimoskin/.m2/repository/org/springframework/boot/spring-boot-testcontainers/3.4.3/spring-boot-testcontainers-3.4.3.jar:/Users/maksimoskin/.m2/repository/org/springframework/boot/spring-boot-autoconfigure/3.4.3/spring-boot-autoconfigure-3.4.3.jar:/Users/maksimoskin/.m2/repository/org/testcontainers/postgresql/1.20.5/postgresql-1.20.5.jar:/Users/maksimoskin/.m2/repository/org/testcontainers/jdbc/1.20.5/jdbc-1.20.5.jar:/Users/maksimoskin/.m2/repository/org/testcontainers/database-commons/1.20.5/database-commons-1.20.5.jar:/Users/maksimoskin/.m2/repository/org/flywaydb/flyway-core/10.20.1/flyway-core-10.20.1.jar:/Users/maksimoskin/.m2/repository/com/fasterxml/jackson/dataformat/jackson-dataformat-toml/2.18.2/jackson-dataformat-toml-2.18.2.jar:/Users/maksimoskin/.m2/repository/com/fasterxml/jackson/core/jackson-core/2.18.2/jackson-core-2.18.2.jar:/Users/maksimoskin/.m2/repository/com/fasterxml/jackson/datatype/jackson-datatype-jsr310/2.18.2/jackson-datatype-jsr310-2.18.2.jar:/Users/maksimoskin/.m2/repository/com/fasterxml/jackson/core/jackson-annotations/2.18.2/jackson-annotations-2.18.2.jar:/Users/maksimoskin/.m2/repository/org/flywaydb/flyway-database-postgresql/10.20.1/flyway-database-postgresql-10.20.1.jar:"/>
    <property name="java.vm.vendor" value="Oracle Corporation"/>
    <property name="sun.arch.data.model" value="64"/>
    <property name="java.vendor.url" value="https://java.oracle.com/"/>
    <property name="user.timezone" value="Europe/Moscow"/>
    <property name="org.jboss.logging.provider" value="slf4j"/>
    <property name="os.name" value="Mac OS X"/>
    <property name="java.vm.specification.version" value="23"/>
    <property name="APPLICATION_NAME" value="HomeWork"/>
    <property name="sun.java.launcher" value="SUN_STANDARD"/>
    <property name="user.country" value="RU"/>
    <property name="sun.boot.library.path" value="/Users/maksimoskin/Library/Java/JavaVirtualMachines/openjdk-23.0.2/Contents/Home/lib"/>
    <property name="sun.java.command" value="/Users/maksimoskin/IdeaProjects/TG_BOT_SEM2/target/surefire/surefirebooter-20250408165258124_3.jar /Users/maksimoskin/IdeaProjects/TG_BOT_SEM2/target/surefire 2025-04-08T16-52-58_075-jvmRun1 surefire-20250408165258124_1tmp surefire_0-20250408165258124_2tmp"/>
    <property name="jdk.debug" value="release"/>
    <property name="surefire.test.class.path" value="/Users/maksimoskin/IdeaProjects/TG_BOT_SEM2/target/test-classes:/Users/maksimoskin/IdeaProjects/TG_BOT_SEM2/target/classes:/Users/maksimoskin/.m2/repository/org/springframework/boot/spring-boot-starter-web/3.4.3/spring-boot-starter-web-3.4.3.jar:/Users/maksimoskin/.m2/repository/org/springframework/boot/spring-boot-starter/3.4.3/spring-boot-starter-3.4.3.jar:/Users/maksimoskin/.m2/repository/org/springframework/boot/spring-boot/3.4.3/spring-boot-3.4.3.jar:/Users/maksimoskin/.m2/repository/org/springframework/boot/spring-boot-starter-logging/3.4.3/spring-boot-starter-logging-3.4.3.jar:/Users/maksimoskin/.m2/repository/ch/qos/logback/logback-classic/1.5.16/logback-classic-1.5.16.jar:/Users/maksimoskin/.m2/repository/ch/qos/logback/logback-core/1.5.16/logback-core-1.5.16.jar:/Users/maksimoskin/.m2/repository/org/apache/logging/log4j/log4j-to-slf4j/2.24.3/log4j-to-slf4j-2.24.3.jar:/Users/maksimoskin/.m2/repository/org/apache/logging/log4j/log4j-api/2.24.3/log4j-api-2.24.3.jar:/Users/maksimoskin/.m2/repository/org/slf4j/jul-to-slf4j/2.0.16/jul-to-slf4j-2.0.16.jar:/Users/maksimoskin/.m2/repository/jakarta/annotation/jakarta.annotation-api/2.1.1/jakarta.annotation-api-2.1.1.jar:/Users/maksimoskin/.m2/repository/org/yaml/snakeyaml/2.3/snakeyaml-2.3.jar:/Users/maksimoskin/.m2/repository/org/springframework/boot/spring-boot-starter-json/3.4.3/spring-boot-starter-json-3.4.3.jar:/Users/maksimoskin/.m2/repository/com/fasterxml/jackson/core/jackson-databind/2.18.2/jackson-databind-2.18.2.jar:/Users/maksimoskin/.m2/repository/com/fasterxml/jackson/datatype/jackson-datatype-jdk8/2.18.2/jackson-datatype-jdk8-2.18.2.jar:/Users/maksimoskin/.m2/repository/com/fasterxml/jackson/module/jackson-module-parameter-names/2.18.2/jackson-module-parameter-names-2.18.2.jar:/Users/maksimoskin/.m2/repository/org/springframework/boot/spring-boot-starter-tomcat/3.4.3/spring-boot-starter-tomcat-3.4.3.jar:/Users/maksimoskin/.m2/repository/org/apache/tomcat/embed/tomcat-embed-core/10.1.36/tomcat-embed-core-10.1.36.jar:/Users/maksimoskin/.m2/repository/org/apache/tomcat/embed/tomcat-embed-el/10.1.36/tomcat-embed-el-10.1.36.jar:/Users/maksimoskin/.m2/repository/org/apache/tomcat/embed/tomcat-embed-websocket/10.1.36/tomcat-embed-websocket-10.1.36.jar:/Users/maksimoskin/.m2/repository/org/springframework/spring-web/6.2.3/spring-web-6.2.3.jar:/Users/maksimoskin/.m2/repository/org/springframework/spring-beans/6.2.3/spring-beans-6.2.3.jar:/Users/maksimoskin/.m2/repository/io/micrometer/micrometer-observation/1.14.4/micrometer-observation-1.14.4.jar:/Users/maksimoskin/.m2/repository/io/micrometer/micrometer-commons/1.14.4/micrometer-commons-1.14.4.jar:/Users/maksimoskin/.m2/repository/org/springframework/spring-webmvc/6.2.3/spring-webmvc-6.2.3.jar:/Users/maksimoskin/.m2/repository/org/springframework/spring-aop/6.2.3/spring-aop-6.2.3.jar:/Users/maksimoskin/.m2/repository/org/springframework/spring-context/6.2.3/spring-context-6.2.3.jar:/Users/maksimoskin/.m2/repository/org/springframework/spring-expression/6.2.3/spring-expression-6.2.3.jar:/Users/maksimoskin/.m2/repository/org/springdoc/springdoc-openapi-starter-webmvc-ui/2.1.0/springdoc-openapi-starter-webmvc-ui-2.1.0.jar:/Users/maksimoskin/.m2/repository/org/springdoc/springdoc-openapi-starter-webmvc-api/2.1.0/springdoc-openapi-starter-webmvc-api-2.1.0.jar:/Users/maksimoskin/.m2/repository/org/springdoc/springdoc-openapi-starter-common/2.1.0/springdoc-openapi-starter-common-2.1.0.jar:/Users/maksimoskin/.m2/repository/io/swagger/core/v3/swagger-core-jakarta/2.2.9/swagger-core-jakarta-2.2.9.jar:/Users/maksimoskin/.m2/repository/org/apache/commons/commons-lang3/3.17.0/commons-lang3-3.17.0.jar:/Users/maksimoskin/.m2/repository/io/swagger/core/v3/swagger-annotations-jakarta/2.2.9/swagger-annotations-jakarta-2.2.9.jar:/Users/maksimoskin/.m2/repository/io/swagger/core/v3/swagger-models-jakarta/2.2.9/swagger-models-jakarta-2.2.9.jar:/Users/maksimoskin/.m2/repository/jakarta/validation/jakarta.validation-api/3.0.2/jakarta.validation-api-3.0.2.jar:/Users/maksimoskin/.m2/repository/com/fasterxml/jackson/dataformat/jackson-dataformat-yaml/2.18.2/jackson-dataformat-yaml-2.18.2.jar:/Users/maksimoskin/.m2/repository/org/webjars/swagger-ui/4.18.2/swagger-ui-4.18.2.jar:/Users/maksimoskin/.m2/repository/org/projectlombok/lombok/1.18.36/lombok-1.18.36.jar:/Users/maksimoskin/.m2/repository/org/springframework/boot/spring-boot-starter-test/3.4.3/spring-boot-starter-test-3.4.3.jar:/Users/maksimoskin/.m2/repository/org/springframework/boot/spring-boot-test/3.4.3/spring-boot-test-3.4.3.jar:/Users/maksimoskin/.m2/repository/org/springframework/boot/spring-boot-test-autoconfigure/3.4.3/spring-boot-test-autoconfigure-3.4.3.jar:/Users/maksimoskin/.m2/repository/com/jayway/jsonpath/json-path/2.9.0/json-path-2.9.0.jar:/Users/maksimoskin/.m2/repository/org/slf4j/slf4j-api/2.0.16/slf4j-api-2.0.16.jar:/Users/maksimoskin/.m2/repository/jakarta/xml/bind/jakarta.xml.bind-api/4.0.2/jakarta.xml.bind-api-4.0.2.jar:/Users/maksimoskin/.m2/repository/jakarta/activation/jakarta.activation-api/2.1.3/jakarta.activation-api-2.1.3.jar:/Users/maksimoskin/.m2/repository/net/minidev/json-smart/2.5.2/json-smart-2.5.2.jar:/Users/maksimoskin/.m2/repository/net/minidev/accessors-smart/2.5.2/accessors-smart-2.5.2.jar:/Users/maksimoskin/.m2/repository/org/ow2/asm/asm/9.7.1/asm-9.7.1.jar:/Users/maksimoskin/.m2/repository/org/assertj/assertj-core/3.26.3/assertj-core-3.26.3.jar:/Users/maksimoskin/.m2/repository/net/bytebuddy/byte-buddy/1.15.11/byte-buddy-1.15.11.jar:/Users/maksimoskin/.m2/repository/org/awaitility/awaitility/4.2.2/awaitility-4.2.2.jar:/Users/maksimoskin/.m2/repository/org/hamcrest/hamcrest/2.2/hamcrest-2.2.jar:/Users/maksimoskin/.m2/repository/org/junit/jupiter/junit-jupiter/5.11.4/junit-jupiter-5.11.4.jar:/Users/maksimoskin/.m2/repository/org/junit/jupiter/junit-jupiter-api/5.11.4/junit-jupiter-api-5.11.4.jar:/Users/maksimoskin/.m2/repository/org/opentest4j/opentest4j/1.3.0/opentest4j-1.3.0.jar:/Users/maksimoskin/.m2/repository/org/junit/platform/junit-platform-commons/1.11.4/junit-platform-commons-1.11.4.jar:/Users/maksimoskin/.m2/repository/org/apiguardian/apiguardian-api/1.1.2/apiguardian-api-1.1.2.jar:/Users/maksimoskin/.m2/repository/org/junit/jupiter/junit-jupiter-params/5.11.4/junit-jupiter-params-5.11.4.jar:/Users/maksimoskin/.m2/repository/org/junit/jupiter/junit-jupiter-engine/5.11.4/junit-jupiter-engine-5.11.4.jar:/Users/maksimoskin/.m2/repository/org/junit/platform/junit-platform-engine/1.11.4/junit-platform-engine-1.11.4.jar:/Users/maksimoskin/.m2/repository/org/mockito/mockito-core/5.14.2/mockito-core-5.14.2.jar:/Users/maksimoskin/.m2/repository/net/bytebuddy/byte-buddy-agent/1.15.11/byte-buddy-agent-1.15.11.jar:/Users/maksimoskin/.m2/repository/org/objenesis/objenesis/3.3/objenesis-3.3.jar:/Users/maksimoskin/.m2/repository/org/mockito/mockito-junit-jupiter/5.14.2/mockito-junit-jupiter-5.14.2.jar:/Users/maksimoskin/.m2/repository/org/skyscreamer/jsonassert/1.5.3/jsonassert-1.5.3.jar:/Users/maksimoskin/.m2/repository/com/vaadin/external/google/android-json/0.0.20131108.vaadin1/android-json-0.0.20131108.vaadin1.jar:/Users/maksimoskin/.m2/repository/org/springframework/spring-core/6.2.3/spring-core-6.2.3.jar:/Users/maksimoskin/.m2/repository/org/springframework/spring-jcl/6.2.3/spring-jcl-6.2.3.jar:/Users/maksimoskin/.m2/repository/org/springframework/spring-test/6.2.3/spring-test-6.2.3.jar:/Users/maksimoskin/.m2/repository/org/xmlunit/xmlunit-core/2.10.0/xmlunit-core-2.10.0.jar:/Users/maksimoskin/.m2/repository/org/testcontainers/junit-jupiter/1.20.5/junit-jupiter-1.20.5.jar:/Users/maksimoskin/.m2/repository/org/testcontainers/testcontainers/1.20.5/testcontainers-1.20.5.jar:/Users/maksimoskin/.m2/repository/junit/junit/4.13.2/junit-4.13.2.jar:/Users/maksimoskin/.m2/repository/org/hamcrest/hamcrest-core/2.2/hamcrest-core-2.2.jar:/Users/maksimoskin/.m2/repository/org/apache/commons/commons-compress/1.24.0/commons-compress-1.24.0.jar:/Users/maksimoskin/.m2/repository/org/rnorth/duct-tape/duct-tape/1.0.8/duct-tape-1.0.8.jar:/Users/maksimoskin/.m2/repository/org/jetbrains/annotations/17.0.0/annotations-17.0.0.jar:/Users/maksimoskin/.m2/repository/com/github/docker-java/docker-java-api/3.4.1/docker-java-api-3.4.1.jar:/Users/maksimoskin/.m2/repository/com/github/docker-java/docker-java-transport-zerodep/3.4.1/docker-java-transport-zerodep-3.4.1.jar:/Users/maksimoskin/.m2/repository/com/github/docker-java/docker-java-transport/3.4.1/docker-java-transport-3.4.1.jar:/Users/maksimoskin/.m2/repository/net/java/dev/jna/jna/5.13.0/jna-5.13.0.jar:/Users/maksimoskin/.m2/repository/org/postgresql/postgresql/42.7.5/postgresql-42.7.5.jar:/Users/maksimoskin/.m2/repository/org/checkerframework/checker-qual/3.48.3/checker-qual-3.48.3.jar:/Users/maksimoskin/.m2/repository/org/springframework/boot/spring-boot-starter-data-jpa/3.4.3/spring-boot-starter-data-jpa-3.4.3.jar:/Users/maksimoskin/.m2/repository/org/springframework/boot/spring-boot-starter-jdbc/3.4.3/spring-boot-starter-jdbc-3.4.3.jar:/Users/maksimoskin/.m2/repository/com/zaxxer/HikariCP/5.1.0/HikariCP-5.1.0.jar:/Users/maksimoskin/.m2/repository/org/springframework/spring-jdbc/6.2.3/spring-jdbc-6.2.3.jar:/Users/maksimoskin/.m2/repository/org/hibernate/orm/hibernate-core/6.6.8.Final/hibernate-core-6.6.8.Final.jar:/Users/maksimoskin/.m2/repository/jakarta/persistence/jakarta.persistence-api/3.1.0/jakarta.persistence-api-3.1.0.jar:/Users/maksimoskin/.m2/repository/jakarta/transaction/jakarta.transaction-api/2.0.1/jakarta.transaction-api-2.0.1.jar:/Users/maksimoskin/.m2/repository/org/jboss/logging/jboss-logging/3.6.1.Final/jboss-logging-3.6.1.Final.jar:/Users/maksimoskin/.m2/repository/org/hibernate/common/hibernate-commons-annotations/7.0.3.Final/hibernate-commons-annotations-7.0.3.Final.jar:/Users/maksimoskin/.m2/repository/io/smallrye/jandex/3.2.0/jandex-3.2.0.jar:/Users/maksimoskin/.m2/repository/com/fasterxml/classmate/1.7.0/classmate-1.7.0.jar:/Users/maksimoskin/.m2/repository/org/glassfish/jaxb/jaxb-runtime/4.0.5/jaxb-runtime-4.0.5.jar:/Users/maksimoskin/.m2/repository/org/glassfish/jaxb/jaxb-core/4.0.5/jaxb-core-4.0.5.jar:/Users/maksimoskin/.m2/repository/org/eclipse/angus/angus-activation/2.0.2/angus-activation-2.0.2.jar:/Users/maksimoskin/.m2/repository/org/glassfish/jaxb/txw2/4.0.5/txw2-4.0.5.jar:/Users/maksimoskin/.m2/repository/com/sun/istack/istack-commons-runtime/4.1.2/istack-commons-runtime-4.1.2.jar:/Users/maksimoskin/.m2/repository/jakarta/inject/jakarta.inject-api/2.0.1/jakarta.inject-api-2.0.1.jar:/Users/maksimoskin/.m2/repository/org/antlr/antlr4-runtime/4.13.0/antlr4-runtime-4.13.0.jar:/Users/maksimoskin/.m2/repository/org/springframework/data/spring-data-jpa/3.4.3/spring-data-jpa-3.4.3.jar:/Users/maksimoskin/.m2/repository/org/springframework/data/spring-data-commons/3.4.3/spring-data-commons-3.4.3.jar:/Users/maksimoskin/.m2/repository/org/springframework/spring-orm/6.2.3/spring-orm-6.2.3.jar:/Users/maksimoskin/.m2/repository/org/springframework/spring-tx/6.2.3/spring-tx-6.2.3.jar:/Users/maksimoskin/.m2/repository/org/springframework/spring-aspects/6.2.3/spring-aspects-6.2.3.jar:/Users/maksimoskin/.m2/repository/org/aspectj/aspectjweaver/1.9.22.1/aspectjweaver-1.9.22.1.jar:/Users/maksimoskin/.m2/repository/org/springframework/boot/spring-boot-testcontainers/3.4.3/spring-boot-testcontainers-3.4.3.jar:/Users/maksimoskin/.m2/repository/org/springframework/boot/spring-boot-autoconfigure/3.4.3/spring-boot-autoconfigure-3.4.3.jar:/Users/maksimoskin/.m2/repository/org/testcontainers/postgresql/1.20.5/postgresql-1.20.5.jar:/Users/maksimoskin/.m2/repository/org/testcontainers/jdbc/1.20.5/jdbc-1.20.5.jar:/Users/maksimoskin/.m2/repository/org/testcontainers/database-commons/1.20.5/database-commons-1.20.5.jar:/Users/maksimoskin/.m2/repository/org/flywaydb/flyway-core/10.20.1/flyway-core-10.20.1.jar:/Users/maksimoskin/.m2/repository/com/fasterxml/jackson/dataformat/jackson-dataformat-toml/2.18.2/jackson-dataformat-toml-2.18.2.jar:/Users/maksimoskin/.m2/repository/com/fasterxml/jackson/core/jackson-core/2.18.2/jackson-core-2.18.2.jar:/Users/maksimoskin/.m2/repository/com/fasterxml/jackson/datatype/jackson-datatype-jsr310/2.18.2/jackson-datatype-jsr310-2.18.2.jar:/Users/maksimoskin/.m2/repository/com/fasterxml/jackson/core/jackson-annotations/2.18.2/jackson-annotations-2.18.2.jar:/Users/maksimoskin/.m2/repository/org/flywaydb/flyway-database-postgresql/10.20.1/flyway-database-postgresql-10.20.1.jar:"/>
    <property name="sun.cpu.endian" value="little"/>
    <property name="user.home" value="/Users/maksimoskin"/>
    <property name="user.language" value="ru"/>
    <property name="java.specification.vendor" value="Oracle Corporation"/>
    <property name="java.version.date" value="2025-01-21"/>
    <property name="java.home" value="/Users/maksimoskin/Library/Java/JavaVirtualMachines/openjdk-23.0.2/Contents/Home"/>
    <property name="file.separator" value="/"/>
    <property name="basedir" value="/Users/maksimoskin/IdeaProjects/TG_BOT_SEM2"/>
    <property name="java.vm.compressedOopsMode" value="Zero based"/>
    <property name="line.separator" value="&#10;"/>
    <property name="java.vm.specification.vendor" value="Oracle Corporation"/>
    <property name="java.specification.name" value="Java Platform API Specification"/>
    <property name="FILE_LOG_CHARSET" value="UTF-8"/>
    <property name="java.awt.headless" value="true"/>
    <property name="apple.awt.application.name" value="ForkedBooter"/>
    <property name="surefire.real.class.path" value="/Users/maksimoskin/IdeaProjects/TG_BOT_SEM2/target/surefire/surefirebooter-20250408165258124_3.jar"/>
    <property name="polyglot.engine.WarnInterpreterOnly" value="false"/>
    <property name="sun.management.compiler" value="HotSpot 64-Bit Tiered Compilers"/>
    <property name="java.runtime.version" value="23.0.2+7-58"/>
    <property name="user.name" value="maksimoskin"/>
    <property name="stdout.encoding" value="UTF-8"/>
    <property name="path.separator" value=":"/>
    <property name="os.version" value="15.1.1"/>
    <property name="java.runtime.name" value="OpenJDK Runtime Environment"/>
    <property name="file.encoding" value="UTF-8"/>
    <property name="java.vm.name" value="OpenJDK 64-Bit Server VM"/>
    <property name="localRepository" value="/Users/maksimoskin/.m2/repository"/>
    <property name="java.vendor.url.bug" value="https://bugreport.java.com/bugreport/"/>
    <property name="java.io.tmpdir" value="/var/folders/ts/4mrjy7w94db1_917p1qtv4km0000gn/T/"/>
    <property name="idea.version" value="2024.3.1"/>
    <property name="com.zaxxer.hikari.pool_number" value="1"/>
    <property name="java.version" value="23.0.2"/>
    <property name="user.dir" value="/Users/maksimoskin/IdeaProjects/TG_BOT_SEM2"/>
    <property name="os.arch" value="aarch64"/>
    <property name="java.vm.specification.name" value="Java Virtual Machine Specification"/>
    <property name="PID" value="6254"/>
    <property name="CONSOLE_LOG_CHARSET" value="UTF-8"/>
    <property name="native.encoding" value="UTF-8"/>
    <property name="java.library.path" value="/Users/maksimoskin/Library/Java/Extensions:/Library/Java/Extensions:/Network/Library/Java/Extensions:/System/Library/Java/Extensions:/usr/lib/java:."/>
    <property name="java.vm.info" value="mixed mode, sharing"/>
    <property name="stderr.encoding" value="UTF-8"/>
    <property name="java.vendor" value="Oracle Corporation"/>
    <property name="java.vm.version" value="23.0.2+7-58"/>
    <property name="sun.io.unicode.encoding" value="UnicodeBig"/>
    <property name="java.class.version" value="67.0"/>
    <property name="LOGGED_APPLICATION_NAME" value="[HomeWork] "/>
  </properties>
  <testcase name="shouldSaveAndFindArticle" classname="app.api.repository.ArticleRepositoryTest" time="0.353">
    <system-out><![CDATA[16:52:58.494 [main] INFO org.testcontainers.images.PullPolicy -- Image pull policy will be performed by: DefaultPullPolicy()
16:52:58.496 [main] INFO org.testcontainers.utility.ImageNameSubstitutor -- Image name substitution will be performed by: DefaultImageNameSubstitutor (composite of 'ConfigurationFileImageNameSubstitutor' and 'PrefixingImageNameSubstitutor')
16:52:58.514 [main] INFO org.testcontainers.DockerClientFactory -- Testcontainers version: 1.20.5
16:52:58.611 [main] INFO org.testcontainers.dockerclient.DockerClientProviderStrategy -- Loaded org.testcontainers.dockerclient.UnixSocketClientProviderStrategy from ~/.testcontainers.properties, will try it first
16:52:58.782 [main] INFO org.testcontainers.dockerclient.DockerClientProviderStrategy -- Found Docker environment with local Unix socket (unix:///var/run/docker.sock)
16:52:58.783 [main] INFO org.testcontainers.DockerClientFactory -- Docker host IP address is localhost
16:52:58.797 [main] INFO org.testcontainers.DockerClientFactory -- Connected to docker: 
  Server Version: 28.0.4
  API Version: 1.48
  Operating System: Docker Desktop
  Total Memory: 3919 MB
  Labels: 
    com.docker.desktop.address=unix:///Users/maksimoskin/Library/Containers/com.docker.docker/Data/docker-cli.sock
16:52:58.897 [main] INFO tc.testcontainers/ryuk:0.11.0 -- Creating container for image: testcontainers/ryuk:0.11.0
16:52:59.037 [main] INFO org.testcontainers.utility.RegistryAuthLocator -- Credential helper/store (docker-credential-desktop) does not have credentials for https://index.docker.io/v1/
16:52:59.121 [main] INFO tc.testcontainers/ryuk:0.11.0 -- Container testcontainers/ryuk:0.11.0 is starting: fcf71432f2642df5eb3b425b29a6d80546ca1bfc221f6474c52f79001b706eff
16:52:59.302 [main] INFO tc.testcontainers/ryuk:0.11.0 -- Container testcontainers/ryuk:0.11.0 started in PT0.405662S
16:52:59.309 [main] INFO org.testcontainers.utility.RyukResourceReaper -- Ryuk started - will monitor and terminate Testcontainers containers on JVM exit
16:52:59.309 [main] INFO org.testcontainers.DockerClientFactory -- Checking the system...
16:52:59.309 [main] INFO org.testcontainers.DockerClientFactory -- ✔︎ Docker server version should be at least 1.6.0
16:52:59.309 [main] INFO tc.postgres:16 -- Creating container for image: postgres:16
16:52:59.347 [main] INFO tc.postgres:16 -- Container postgres:16 is starting: 553ceeea289d75d0fdf9b78aeb162dcd156250ee2195998695e74a2846f10227
16:53:00.713 [main] INFO tc.postgres:16 -- Container postgres:16 started in PT1.403091S
16:53:00.714 [main] INFO tc.postgres:16 -- Container is started (JDBC URL: jdbc:postgresql://localhost:55064/testdb?loggerLevel=OFF)
16:53:00.778 [main] INFO org.springframework.test.context.support.AnnotationConfigContextLoaderUtils -- Could not detect default configuration classes for test class [app.api.repository.ArticleRepositoryTest]: ArticleRepositoryTest does not declare any static, non-private, non-final, nested classes annotated with @Configuration.
16:53:00.852 [main] INFO org.springframework.boot.test.context.SpringBootTestContextBootstrapper -- Found @SpringBootConfiguration app.Application for test class app.api.repository.ArticleRepositoryTest

  .   ____          _            __ _ _
 /\\ / ___'_ __ _ _(_)_ __  __ _ \ \ \ \
( ( )\___ | '_ | '_| | '_ \/ _` | \ \ \ \
 \\/  ___)| |_)| | | | | || (_| |  ) ) ) )
  '  |____| .__|_| |_|_| |_\__, | / / / /
 =========|_|==============|___/=/_/_/_/

 :: Spring Boot ::                (v3.4.3)

2025-04-08T16:53:01.013+03:00  INFO 6254 --- [HomeWork] [           main] a.api.repository.ArticleRepositoryTest   : Starting ArticleRepositoryTest using Java 23.0.2 with PID 6254 (started by maksimoskin in /Users/maksimoskin/IdeaProjects/TG_BOT_SEM2)
2025-04-08T16:53:01.014+03:00  INFO 6254 --- [HomeWork] [           main] a.api.repository.ArticleRepositoryTest   : No active profile set, falling back to 1 default profile: "default"
2025-04-08T16:53:01.168+03:00  INFO 6254 --- [HomeWork] [           main] .s.d.r.c.RepositoryConfigurationDelegate : Bootstrapping Spring Data JPA repositories in DEFAULT mode.
2025-04-08T16:53:01.201+03:00  INFO 6254 --- [HomeWork] [           main] .s.d.r.c.RepositoryConfigurationDelegate : Finished Spring Data repository scanning in 28 ms. Found 4 JPA repository interfaces.
2025-04-08T16:53:01.378+03:00  INFO 6254 --- [HomeWork] [           main] com.zaxxer.hikari.HikariDataSource       : HikariPool-1 - Starting...
2025-04-08T16:53:01.478+03:00  INFO 6254 --- [HomeWork] [           main] com.zaxxer.hikari.pool.HikariPool        : HikariPool-1 - Added connection org.postgresql.jdbc.PgConnection@473847fb
2025-04-08T16:53:01.478+03:00  INFO 6254 --- [HomeWork] [           main] com.zaxxer.hikari.HikariDataSource       : HikariPool-1 - Start completed.
2025-04-08T16:53:01.491+03:00  INFO 6254 --- [HomeWork] [           main] org.flywaydb.core.FlywayExecutor         : Database: jdbc:postgresql://localhost:55064/testdb?loggerLevel=OFF (PostgreSQL 16.6)
2025-04-08T16:53:01.512+03:00  INFO 6254 --- [HomeWork] [           main] o.f.c.i.s.JdbcTableSchemaHistory         : Schema history table "public"."flyway_schema_history" does not exist yet
2025-04-08T16:53:01.514+03:00  INFO 6254 --- [HomeWork] [           main] o.f.core.internal.command.DbValidate     : Successfully validated 1 migration (execution time 00:00.006s)
2025-04-08T16:53:01.521+03:00  INFO 6254 --- [HomeWork] [           main] o.f.c.i.s.JdbcTableSchemaHistory         : Creating Schema History table "public"."flyway_schema_history" ...
2025-04-08T16:53:01.561+03:00  INFO 6254 --- [HomeWork] [           main] o.f.core.internal.command.DbMigrate      : Current version of schema "public": << Empty Schema >>
2025-04-08T16:53:01.570+03:00  INFO 6254 --- [HomeWork] [           main] o.f.core.internal.command.DbMigrate      : Migrating schema "public" to version "1 - create"
2025-04-08T16:53:01.596+03:00  INFO 6254 --- [HomeWork] [           main] o.f.core.internal.command.DbMigrate      : Successfully applied 1 migration to schema "public", now at version v1 (execution time 00:00.016s)
2025-04-08T16:53:01.647+03:00  INFO 6254 --- [HomeWork] [           main] o.hibernate.jpa.internal.util.LogHelper  : HHH000204: Processing PersistenceUnitInfo [name: default]
2025-04-08T16:53:01.675+03:00  INFO 6254 --- [HomeWork] [           main] org.hibernate.Version                    : HHH000412: Hibernate ORM core version 6.6.8.Final
2025-04-08T16:53:01.688+03:00  INFO 6254 --- [HomeWork] [           main] o.h.c.internal.RegionFactoryInitiator    : HHH000026: Second-level cache disabled
2025-04-08T16:53:01.799+03:00  INFO 6254 --- [HomeWork] [           main] o.s.o.j.p.SpringPersistenceUnitInfo      : No LoadTimeWeaver setup: ignoring JPA class transformer
2025-04-08T16:53:01.823+03:00  WARN 6254 --- [HomeWork] [           main] org.hibernate.orm.deprecation            : HHH90000025: PostgreSQLDialect does not need to be specified explicitly using 'hibernate.dialect' (remove the property setting and it will be selected by default)
2025-04-08T16:53:01.833+03:00  INFO 6254 --- [HomeWork] [           main] org.hibernate.orm.connections.pooling    : HHH10001005: Database info:
	Database JDBC URL [Connecting through datasource 'HikariDataSource (HikariPool-1)']
	Database driver: undefined/unknown
	Database version: 16.6
	Autocommit mode: undefined/unknown
	Isolation level: undefined/unknown
	Minimum pool size: undefined/unknown
	Maximum pool size: undefined/unknown
2025-04-08T16:53:02.249+03:00  INFO 6254 --- [HomeWork] [           main] o.h.e.t.j.p.i.JtaPlatformInitiator       : HHH000489: No JTA platform available (set 'hibernate.transaction.jta.platform' to enable JTA platform integration)
2025-04-08T16:53:02.455+03:00  INFO 6254 --- [HomeWork] [           main] j.LocalContainerEntityManagerFactoryBean : Initialized JPA EntityManagerFactory for persistence unit 'default'
2025-04-08T16:53:02.589+03:00  INFO 6254 --- [HomeWork] [           main] o.s.d.j.r.query.QueryEnhancerFactory     : Hibernate is in classpath; If applicable, HQL parser will be used.
2025-04-08T16:53:02.916+03:00  INFO 6254 --- [HomeWork] [           main] a.api.repository.ArticleRepositoryTest   : Started ArticleRepositoryTest in 2.037 seconds (process running for 4.726)
Hibernate: 
    select
        a1_0.id,
        c1_0.article_id,
        c1_1.id,
        c1_1.name,
        a1_0.creation_date,
        a1_0.name,
        a1_0.url 
    from
        articles a1_0 
    left join
        categories_of_article c1_0 
            on a1_0.id=c1_0.article_id 
    left join
        categories c1_1 
            on c1_1.id=c1_0.category_id 
    where
        a1_0.id=?
Hibernate: 
    select
        nextval('article_id_seq')
]]></system-out>
    <system-err><![CDATA[Mockito is currently self-attaching to enable the inline-mock-maker. This will no longer work in future releases of the JDK. Please add Mockito as an agent to your build what is described in Mockito's documentation: https://javadoc.io/doc/org.mockito/mockito-core/latest/org/mockito/Mockito.html#0.3
WARNING: A Java agent has been loaded dynamically (/Users/maksimoskin/.m2/repository/net/bytebuddy/byte-buddy-agent/1.15.11/byte-buddy-agent-1.15.11.jar)
WARNING: If a serviceability tool is in use, please run with -XX:+EnableDynamicAgentLoading to hide this warning
WARNING: If a serviceability tool is not in use, please run with -Djdk.instrument.traceUsage for more information
WARNING: Dynamic loading of agents will be disallowed by default in a future release
]]></system-err>
  </testcase>
  <testcase name="shouldDeleteArticle" classname="app.api.repository.ArticleRepositoryTest" time="0.016">
    <system-out><![CDATA[Hibernate: 
    select
        a1_0.id,
        c1_0.article_id,
        c1_1.id,
        c1_1.name,
        a1_0.creation_date,
        a1_0.name,
        a1_0.url 
    from
        articles a1_0 
    left join
        categories_of_article c1_0 
            on a1_0.id=c1_0.article_id 
    left join
        categories c1_1 
            on c1_1.id=c1_0.category_id 
    where
        a1_0.id=?
Hibernate: 
    select
        nextval('article_id_seq')
]]></system-out>
  </testcase>
</testsuite>